22:18:55 [main] INFO  testCases.AccountRegistrationTest - Validating expected message.. 
22:18:56 [main] INFO  testCases.AccountRegistrationTest - ** Finished AccountRegistrationTest **
22:19:00 [main] INFO  testCases.LoginTest - **Starting the login Test**
22:19:06 [main] INFO  testCases.LoginTest - **Finished Login Test**
22:20:02 [main] INFO  testCases.AccountRegistrationTest - ** Starting the AccountRegistrationTest ** 
22:20:03 [main] INFO  testCases.AccountRegistrationTest - Clicked on My account link
22:20:05 [main] INFO  testCases.AccountRegistrationTest - Clicked on Register link
22:20:05 [main] INFO  testCases.AccountRegistrationTest - Providing customer details 
22:20:07 [main] INFO  testCases.AccountRegistrationTest - Validating expected message.. 
22:20:07 [main] INFO  testCases.AccountRegistrationTest - ** Finished AccountRegistrationTest **
22:20:28 [main] INFO  testCases.LoginTest - **Starting the login Test**
22:20:31 [main] INFO  testCases.LoginTest - **Finished Login Test**
22:21:23 [main] INFO  org.testng.internal.Utils - [TestNG] Running:
  C:\Users\Jasmin P\SeleniumWebdriver-Workspace\OpencartV121\grid-docker.xml

22:21:33 [main] INFO  testCases.AccountRegistrationTest - ** Starting the AccountRegistrationTest ** 
22:21:33 [main] INFO  testCases.AccountRegistrationTest - Clicked on My account link
22:21:35 [main] INFO  testCases.AccountRegistrationTest - Clicked on Register link
22:21:35 [main] INFO  testCases.AccountRegistrationTest - Providing customer details 
22:21:39 [main] INFO  testCases.AccountRegistrationTest - Validating expected message.. 
22:21:39 [main] INFO  testCases.AccountRegistrationTest - ** Finished AccountRegistrationTest **
22:21:43 [main] INFO  testCases.LoginTest - **Starting the login Test**
22:21:47 [main] INFO  testCases.LoginTest - **Finished Login Test**
22:22:02 [main] INFO  testCases.AccountRegistrationTest - ** Starting the AccountRegistrationTest ** 
22:22:02 [main] INFO  testCases.AccountRegistrationTest - Clicked on My account link
22:22:03 [main] INFO  testCases.AccountRegistrationTest - Clicked on Register link
22:22:03 [main] INFO  testCases.AccountRegistrationTest - Providing customer details 
22:22:06 [main] INFO  testCases.AccountRegistrationTest - Validating expected message.. 
22:22:07 [main] INFO  testCases.AccountRegistrationTest - ** Finished AccountRegistrationTest **
22:22:19 [main] INFO  testCases.LoginTest - **Starting the login Test**
22:22:22 [main] INFO  testCases.LoginTest - **Finished Login Test**
22:27:32 [main] INFO  org.testng.internal.Utils - [TestNG] Running:
  C:\Users\Jasmin P\SeleniumWebdriver-Workspace\OpencartV121\master.xml

22:36:36 [main] INFO  org.testng.internal.Utils - [TestNG] Running:
  C:\Users\Jasmin P\SeleniumWebdriver-Workspace\OpencartV121\master.xml

22:36:45 [main] INFO  testCases.AccountRegistrationTest - ** Starting the AccountRegistrationTest ** 
22:36:46 [main] INFO  testCases.AccountRegistrationTest - Clicked on My account link
22:36:47 [main] INFO  testCases.AccountRegistrationTest - Clicked on Register link
22:36:47 [main] INFO  testCases.AccountRegistrationTest - Providing customer details 
22:36:54 [main] INFO  testCases.AccountRegistrationTest - Validating expected message.. 
22:36:54 [main] INFO  testCases.AccountRegistrationTest - ** Finished AccountRegistrationTest **
22:37:02 [main] INFO  testCases.LoginTest - **Starting the login Test**
22:37:08 [main] INFO  testCases.LoginTest - **Finished Login Test**
22:06:51 [main] INFO  org.testng.internal.Utils - [TestNG] Running:
  C:\Users\Jasmin P\SeleniumWebdriver-Workspace\OpencartV121\master.xml

22:06:56 [main] INFO  testCases.AccountRegistrationTest - ** Starting the AccountRegistrationTest ** 
22:06:57 [main] INFO  testCases.AccountRegistrationTest - Clicked on My account link
22:06:57 [main] INFO  testCases.AccountRegistrationTest - Clicked on Register link
22:06:57 [main] INFO  testCases.AccountRegistrationTest - Providing customer details 
22:06:58 [main] INFO  testCases.AccountRegistrationTest - Validating expected message.. 
22:06:58 [main] INFO  testCases.AccountRegistrationTest - ** Finished AccountRegistrationTest **
22:07:00 [main] INFO  testCases.LoginTest - **Starting the login Test**
22:07:02 [main] INFO  testCases.LoginTest - **Finished Login Test**
22:15:43 [main] INFO  org.testng.internal.Utils - [TestNG] Running:
  C:\Users\Jasmin P\SeleniumWebdriver-Workspace\OpencartV121\master.xml

22:15:46 [main] INFO  testCases.AccountRegistrationTest - ** Starting the AccountRegistrationTest ** 
22:15:46 [main] INFO  testCases.AccountRegistrationTest - Clicked on My account link
22:15:46 [main] INFO  testCases.AccountRegistrationTest - Clicked on Register link
22:15:46 [main] INFO  testCases.AccountRegistrationTest - Providing customer details 
22:15:47 [main] INFO  testCases.AccountRegistrationTest - Validating expected message.. 
22:15:47 [main] INFO  testCases.AccountRegistrationTest - ** Finished AccountRegistrationTest **
