13:01:40 [main] INFO  testCases.AccountRegistrationTest - Providing customer details 
13:01:46 [main] INFO  testCases.AccountRegistrationTest - Validating expected message.. 
13:01:46 [main] INFO  testCases.AccountRegistrationTest - ** Finished AccountRegistrationTest **
13:01:50 [main] INFO  testCases.LoginTest - **Starting the login Test**
13:01:55 [main] INFO  testCases.LoginTest - **Finished Login Test**
13:02:13 [main] INFO  testCases.AccountRegistrationTest - ** Starting the AccountRegistrationTest ** 
13:02:14 [main] INFO  testCases.AccountRegistrationTest - Clicked on My account link
13:02:15 [main] INFO  testCases.AccountRegistrationTest - Clicked on Register link
13:02:15 [main] INFO  testCases.AccountRegistrationTest - Providing customer details 
13:02:18 [main] INFO  testCases.AccountRegistrationTest - Validating expected message.. 
13:02:18 [main] INFO  testCases.AccountRegistrationTest - ** Finished AccountRegistrationTest **
13:02:31 [main] INFO  testCases.LoginTest - **Starting the login Test**
13:02:34 [main] INFO  testCases.LoginTest - **Finished Login Test**
18:28:23 [main] INFO  testCases.AccountRegistrationTest - ** Starting the AccountRegistrationTest ** 
18:28:23 [main] INFO  testCases.AccountRegistrationTest - Clicked on My account link
18:28:25 [main] INFO  testCases.AccountRegistrationTest - Clicked on Register link
18:28:25 [main] INFO  testCases.AccountRegistrationTest - Providing customer details 
18:28:29 [main] INFO  testCases.AccountRegistrationTest - Validating expected message.. 
18:28:29 [main] INFO  testCases.AccountRegistrationTest - ** Finished AccountRegistrationTest **
18:28:36 [main] INFO  testCases.LoginTest - **Starting the login Test**
18:28:40 [main] INFO  testCases.LoginTest - **Finished Login Test**
19:05:41 [main] INFO  testCases.AccountRegistrationTest - ** Starting the AccountRegistrationTest ** 
19:05:41 [main] INFO  testCases.AccountRegistrationTest - Clicked on My account link
19:05:42 [main] INFO  testCases.AccountRegistrationTest - Clicked on Register link
19:05:42 [main] INFO  testCases.AccountRegistrationTest - Providing customer details 
19:05:48 [main] INFO  testCases.AccountRegistrationTest - Validating expected message.. 
19:05:48 [main] INFO  testCases.AccountRegistrationTest - ** Finished AccountRegistrationTest **
19:05:59 [main] INFO  testCases.LoginTest - **Starting the login Test**
19:06:04 [main] INFO  testCases.LoginTest - **Finished Login Test**
19:34:14 [main] INFO  testCases.AccountRegistrationTest - ** Starting the AccountRegistrationTest ** 
19:34:15 [main] INFO  testCases.AccountRegistrationTest - Clicked on My account link
19:34:16 [main] INFO  testCases.AccountRegistrationTest - Clicked on Register link
19:34:16 [main] INFO  testCases.AccountRegistrationTest - Providing customer details 
19:34:21 [main] INFO  testCases.AccountRegistrationTest - Validating expected message.. 
19:34:21 [main] ERROR testCases.AccountRegistrationTest - Test Failed..
