09:19:21 [main] INFO  testCases.LoginDDT - ***Finished LoginDDT test**
09:38:51 [main] INFO  testCases.LoginDDT - ***starting LoginDDT test**
09:38:55 [main] INFO  testCases.LoginDDT - ***Finished LoginDDT test**
09:38:55 [main] INFO  testCases.LoginDDT - ***starting LoginDDT test**
09:39:08 [main] INFO  testCases.LoginDDT - ***Finished LoginDDT test**
09:39:08 [main] INFO  testCases.LoginDDT - ***starting LoginDDT test**
09:39:20 [main] INFO  testCases.LoginDDT - ***Finished LoginDDT test**
09:39:20 [main] INFO  testCases.LoginDDT - ***starting LoginDDT test**
09:39:33 [main] INFO  testCases.LoginDDT - ***Finished LoginDDT test**
09:39:33 [main] INFO  testCases.LoginDDT - ***starting LoginDDT test**
09:39:37 [main] INFO  testCases.LoginDDT - ***Finished LoginDDT test**
09:39:37 [main] INFO  testCases.LoginDDT - ***starting LoginDDT test**
09:39:49 [main] INFO  testCases.LoginDDT - ***Finished LoginDDT test**
23:26:51 [main] INFO  testCases.AccountRegistrationTest - ** Starting the AccountRegistrationTest ** 
23:26:51 [main] INFO  testCases.AccountRegistrationTest - Clicked on My account link
23:26:52 [main] INFO  testCases.AccountRegistrationTest - Clicked on Register link
23:26:52 [main] INFO  testCases.AccountRegistrationTest - Providing customer details 
23:26:57 [main] INFO  testCases.AccountRegistrationTest - Validating expected message.. 
23:26:57 [main] INFO  testCases.AccountRegistrationTest - ** Finished AccountRegistrationTest **
23:27:01 [main] INFO  testCases.LoginTest - **Starting the login Test**
23:27:04 [main] INFO  testCases.LoginTest - **Finished Login Test**
23:27:08 [main] INFO  testCases.SearchProduct - ** Starting the searchproducttest ** 
23:27:10 [main] INFO  testCases.SearchProduct - ** Finished searchproducttest **
23:07:04 [main] INFO  testCases.AccountRegistrationTest - ** Starting the AccountRegistrationTest ** 
23:07:04 [main] INFO  testCases.AccountRegistrationTest - Clicked on My account link
23:07:05 [main] INFO  testCases.AccountRegistrationTest - Clicked on Register link
23:07:05 [main] INFO  testCases.AccountRegistrationTest - Providing customer details 
23:07:10 [main] INFO  testCases.AccountRegistrationTest - Validating expected message.. 
23:07:10 [main] INFO  testCases.AccountRegistrationTest - ** Finished AccountRegistrationTest **
23:07:16 [main] INFO  testCases.LoginTest - **Starting the login Test**
23:07:20 [main] INFO  testCases.LoginTest - **Finished Login Test**
23:07:26 [main] INFO  testCases.SearchProduct - ** Starting the searchproducttest ** 
23:07:27 [main] INFO  testCases.SearchProduct - ** Finished searchproducttest **
12:57:37 [main] INFO  testCases.AccountRegistrationTest - ** Starting the AccountRegistrationTest ** 
12:57:37 [main] INFO  testCases.AccountRegistrationTest - Clicked on My account link
12:57:37 [main] INFO  testCases.AccountRegistrationTest - Clicked on Register link
12:57:37 [main] INFO  testCases.AccountRegistrationTest - Providing customer details 
12:57:39 [main] INFO  testCases.AccountRegistrationTest - Validating expected message.. 
12:57:39 [main] INFO  testCases.AccountRegistrationTest - ** Finished AccountRegistrationTest **
12:57:41 [main] INFO  testCases.LoginTest - **Starting the login Test**
12:57:43 [main] INFO  testCases.LoginTest - **Finished Login Test**
12:57:44 [main] INFO  testCases.SearchProduct - ** Starting the searchproducttest ** 
12:57:45 [main] INFO  testCases.SearchProduct - ** Finished searchproducttest **
19:55:22 [main] INFO  testCases.AccountRegistrationTest - ** Starting the AccountRegistrationTest ** 
19:55:22 [main] INFO  testCases.AccountRegistrationTest - Clicked on My account link
19:55:23 [main] INFO  testCases.AccountRegistrationTest - Clicked on Register link
19:55:23 [main] INFO  testCases.AccountRegistrationTest - Providing customer details 
19:55:29 [main] INFO  testCases.AccountRegistrationTest - Validating expected message.. 
19:55:29 [main] INFO  testCases.AccountRegistrationTest - ** Finished AccountRegistrationTest **
19:55:35 [main] INFO  testCases.LoginTest - **Starting the login Test**
19:55:38 [main] INFO  testCases.LoginTest - **Finished Login Test**
19:55:44 [main] INFO  testCases.SearchProduct - ** Starting the searchproducttest ** 
19:55:45 [main] INFO  testCases.SearchProduct - ** Finished searchproducttest **
20:03:03 [main] INFO  testCases.AccountRegistrationTest - ** Starting the AccountRegistrationTest ** 
20:03:04 [main] INFO  testCases.AccountRegistrationTest - Clicked on My account link
20:03:05 [main] INFO  testCases.AccountRegistrationTest - Clicked on Register link
20:03:05 [main] INFO  testCases.AccountRegistrationTest - Providing customer details 
20:03:08 [main] INFO  testCases.AccountRegistrationTest - Validating expected message.. 
20:03:09 [main] INFO  testCases.AccountRegistrationTest - ** Finished AccountRegistrationTest **
20:03:15 [main] INFO  testCases.LoginTest - **Starting the login Test**
20:03:18 [main] INFO  testCases.LoginTest - **Finished Login Test**
